GROUP,PACKAGE,CLASS,INSTRUCTION_MISSED,INSTRUCTION_COVERED,BRANCH_MISSED,BRANCH_COVERED,LINE_MISSED,LINE_COVERED,COMPLEXITY_MISSED,COMPLEXITY_COVERED,METHOD_MISSED,METHOD_COVERED
bookservice,com.example.bookservice.exception,BookNotFoundException,0,4,0,0,0,2,0,1,0,1
bookservice,com.example.bookservice.exception,GlobalExceptionHandler,60,0,0,0,11,0,3,0,3,0
bookservice,com.example.bookservice.controller,BookController,0,33,0,0,0,8,0,7,0,7
bookservice,com.example.bookservice.service,BookServiceImpl,2,76,1,1,1,17,1,9,0,9
bookservice,com.example.bookservice.entity,Book,0,53,0,0,0,22,0,12,0,12
bookservice,com.example.bookservice,BookserviceApplication,8,0,0,0,3,0,2,0,2,0
